<?xml version="1.0" encoding="UTF-8"?>
<!-- Generated by org.testng.reporters.JUnitReportReporter -->
<testsuite skipped="0" hostname="DESKTOP-H311CIF" name="koneksatests.KoneksaGuiTests" tests="1" failures="0" timestamp="2020-08-09T13:28:22 EDT" time="7.765" errors="0">
  <testcase name="runGuiTests" time="7.765" classname="koneksatests.KoneksaGuiTests"/>
</testsuite> <!-- koneksatests.KoneksaGuiTests -->
