<?xml version="1.0" encoding="UTF-8"?>
<!-- Generated by org.testng.reporters.JUnitReportReporter -->
<testsuite skipped="0" hostname="DESKTOP-H311CIF" name="guiTests.KoneksaGuiTests" tests="1" failures="0" timestamp="2020-08-08T14:30:52 EDT" time="8.145" errors="0">
  <testcase name="setup" time="8.145" classname="guiTests.KoneksaGuiTests"/>
</testsuite> <!-- guiTests.KoneksaGuiTests -->
