<?xml version="1.0" encoding="UTF-8"?>
<!-- Generated by org.testng.reporters.JUnitReportReporter -->
<testsuite skipped="0" hostname="DESKTOP-H311CIF" name="koneksatests.KoneksaApiTests" tests="4" failures="0" timestamp="2020-08-09T15:19:08 EDT" time="4.840" errors="0">
  <testcase name="samplePostBddTest" time="3.918" classname="koneksatests.KoneksaApiTests"/>
  <testcase name="sampleGetBddTest" time="0.295" classname="koneksatests.KoneksaApiTests"/>
  <testcase name="sampleDeleteBddTest" time="0.468" classname="koneksatests.KoneksaApiTests"/>
  <testcase name="sampleOldStyleTest" time="0.159" classname="koneksatests.KoneksaApiTests"/>
</testsuite> <!-- koneksatests.KoneksaApiTests -->
