<?xml version="1.0" encoding="UTF-8"?>
<!-- Generated by org.testng.reporters.JUnitReportReporter -->
<testsuite skipped="0" hostname="DESKTOP-H311CIF" name="restapitests.KoneksaApiTests" tests="4" failures="0" timestamp="2020-08-08T14:52:45 EDT" time="4.145" errors="0">
  <testcase name="samplePostBddTest" time="3.211" classname="restapitests.KoneksaApiTests"/>
  <testcase name="sampleGetBddTest" time="0.275" classname="restapitests.KoneksaApiTests"/>
  <testcase name="sampleDeleteBddTest" time="0.383" classname="restapitests.KoneksaApiTests"/>
  <testcase name="sampleOldStyleTest" time="0.276" classname="restapitests.KoneksaApiTests"/>
</testsuite> <!-- restapitests.KoneksaApiTests -->
