<?xml version="1.0" encoding="UTF-8"?>
<!-- Generated by org.testng.reporters.JUnitReportReporter -->
<testsuite skipped="0" hostname="DESKTOP-H311CIF" name="koneksatests.TestnGApiTests" tests="4" failures="0" timestamp="2020-08-10T11:58:09 EDT" time="3.993" errors="0">
  <testcase name="samplePostBddTest" time="2.876" classname="koneksatests.TestnGApiTests"/>
  <testcase name="sampleGetBddTest" time="0.290" classname="koneksatests.TestnGApiTests"/>
  <testcase name="sampleDeleteBddTest" time="0.339" classname="koneksatests.TestnGApiTests"/>
  <testcase name="sampleOldStyleTest" time="0.488" classname="koneksatests.TestnGApiTests"/>
</testsuite> <!-- koneksatests.TestnGApiTests -->
