<?xml version="1.0" encoding="UTF-8"?>
<!-- Generated by org.testng.reporters.JUnitReportReporter -->
<testsuite skipped="0" hostname="DESKTOP-H311CIF" name="koneksatests.TestNGGUITests" tests="1" failures="0" timestamp="2020-08-10T11:58:09 EDT" time="3.833" errors="0">
  <testcase name="runGuiTests" time="3.833" classname="koneksatests.TestNGGUITests"/>
</testsuite> <!-- koneksatests.TestNGGUITests -->
