<?xml version="1.0" encoding="UTF-8"?>
<!-- Generated by org.testng.reporters.JUnitReportReporter -->
<testsuite skipped="0" hostname="DESKTOP-H311CIF" name="restapitests.KoneksaGuiTests" tests="1" failures="0" timestamp="2020-08-08T14:52:44 EDT" time="10.315" errors="0">
  <testcase name="setup" time="10.315" classname="restapitests.KoneksaGuiTests"/>
</testsuite> <!-- restapitests.KoneksaGuiTests -->
